\BOOKMARK [0][-]{chapter.1}{\376\377\000K\000-\000t\000h\000e\000o\000r\000y\000\040\000o\000f\000\040\000B\000a\000n\000a\000c\000h\000\040\000A\000l\000g\000e\000b\000r\000a\000s}{}% 1
\BOOKMARK [1][-]{section.1.1}{\376\377\000G\000e\000n\000e\000r\000a\000l\000\040\000p\000o\000r\000t\000r\000a\000i\000t\000\040\000o\000f\000\040\000h\000o\000m\000o\000l\000o\000g\000i\000c\000a\000l\000\040\000t\000h\000e\000o\000r\000i\000e\000s}{chapter.1}% 2
\BOOKMARK [1][-]{section.1.2}{\376\377\000T\000h\000e\000\040\000K\0000\000\040\000g\000r\000o\000u\000p}{chapter.1}% 3
\BOOKMARK [1][-]{section.1.3}{\376\377\000T\000h\000e\000\040\000K\0001\000\040\000g\000r\000o\000u\000p}{chapter.1}% 4
\BOOKMARK [1][-]{section.1.4}{\376\377\000T\000h\000e\000\040\000i\000n\000d\000e\000x\000\040\000m\000a\000p}{chapter.1}% 5
\BOOKMARK [0][-]{chapter.2}{\376\377\000H\000i\000l\000b\000e\000r\000t\000\040\000C\000*\000-\000m\000o\000d\000u\000l\000e\000s}{}% 6
\BOOKMARK [1][-]{section.2.1}{\376\377\000T\000h\000e\000\040\000i\000n\000t\000e\000r\000e\000s\000t\000\040\000o\000b\000j\000e\000c\000t}{chapter.2}% 7
\BOOKMARK [1][-]{section.2.2}{\376\377\000A\000d\000j\000o\000i\000n\000t\000a\000b\000l\000e\000\040\000o\000p\000e\000r\000a\000t\000o\000r\000s}{chapter.2}% 8
\BOOKMARK [0][-]{chapter.3}{\376\377\000F\000r\000e\000d\000h\000o\000l\000m\000\040\000O\000p\000e\000r\000a\000t\000o\000r\000s}{}% 9
\BOOKMARK [1][-]{section.3.1}{\376\377\000D\000e\000f\000i\000n\000i\000t\000i\000o\000n\000s\000\040\000a\000n\000d\000\040\000c\000o\000m\000p\000a\000r\000i\000s\000o\000n\000s}{chapter.3}% 10
\BOOKMARK [1][-]{section.3.2}{\376\377\000R\000e\000g\000u\000l\000a\000r\000\040\000F\000r\000e\000d\000h\000o\000l\000m\000\040\000O\000p\000e\000r\000a\000t\000o\000r\000s\000\040\000a\000n\000d\000\040\000t\000h\000e\000i\000r\000\040\000i\000n\000d\000e\000x\000e\000s}{chapter.3}% 11
\BOOKMARK [1][-]{section.3.3}{\376\377\000R\000e\000g\000u\000l\000a\000r\000i\000z\000a\000t\000i\000o\000n\000\040\000o\000f\000\040\000G\000e\000n\000e\000r\000a\000l\000\040\000F\000r\000e\000d\000h\000o\000l\000m\000\040\000O\000p\000e\000r\000a\000t\000o\000r\000s}{chapter.3}% 12
\BOOKMARK [1][-]{section.3.4}{\376\377\000T\000o\000o\000l\000k\000i\000t\000\040\000o\000f\000\040\000t\000h\000e\000o\000r\000e\000m\000s}{chapter.3}% 13
\BOOKMARK [1][-]{section.3.5}{\376\377\000T\000h\000e\000\040\000F\000r\000e\000d\000h\000o\000l\000m\000\040\000P\000i\000c\000t\000u\000r\000e\000\040\000o\000f\000\040\000K\0000}{chapter.3}% 14
\BOOKMARK [0][-]{appendix.A}{\376\377\000U\000s\000e\000f\000u\000l\000l\000\040\000a\000n\000d\000\040\000h\000a\000n\000d\000y\000\040\000t\000h\000e\000o\000r\000e\000m\000s\000\040\000i\000n\000\040\000C\000*\000-\000a\000l\000g\000e\000b\000r\000a\000s}{}% 15
\BOOKMARK [1][-]{section.A.1}{\376\377\000C\000*\000-\000a\000l\000g\000e\000b\000r\000a\000s\000\040\0001\0000\0001}{appendix.A}% 16
\BOOKMARK [1][-]{section.A.2}{\376\377\000G\000e\000l\000f\000a\000n\000d\000-\000N\000a\000i\000m\000a\000r\000k\000\040\000r\000e\000p\000r\000e\000s\000e\000n\000t\000a\000t\000i\000o\000n\000\040\000t\000h\000e\000o\000r\000e\000m}{appendix.A}% 17
\BOOKMARK [1][-]{section.A.3}{\376\377\000C\000o\000n\000t\000i\000n\000u\000o\000s\000\040\000F\000u\000n\000c\000t\000i\000o\000n\000a\000l\000\040\000C\000a\000l\000c\000u\000l\000u\000s}{appendix.A}% 18
\BOOKMARK [1][-]{section.A.4}{\376\377\000P\000o\000s\000i\000t\000i\000v\000e\000\040\000e\000l\000e\000m\000e\000n\000t\000s}{appendix.A}% 19
\BOOKMARK [1][-]{section.A.5}{\376\377\000A\000p\000p\000r\000o\000x\000i\000m\000a\000t\000e\000\040\000U\000n\000i\000t\000s}{appendix.A}% 20
